{"C:\\Users\\Karellen Velazquez\\IdeaProjects\\reto4-products-api\\backend\\src\\application\\auth\\LoginUseCase.js": {"path":"C:\\Users\\Karellen Velazquez\\IdeaProjects\\reto4-products-api\\backend\\src\\application\\auth\\LoginUseCase.js","statementMap":{"0":{"start":{"line":1,"column":15},"end":{"line":1,"column":34}},"1":{"start":{"line":5,"column":4},"end":{"line":5,"column":41}},"2":{"start":{"line":6,"column":4},"end":{"line":6,"column":37}},"3":{"start":{"line":10,"column":4},"end":{"line":10,"column":50}},"4":{"start":{"line":12,"column":4},"end":{"line":16,"column":5}},"5":{"start":{"line":13,"column":20},"end":{"line":13,"column":69}},"6":{"start":{"line":14,"column":6},"end":{"line":14,"column":25}},"7":{"start":{"line":15,"column":6},"end":{"line":15,"column":18}},"8":{"start":{"line":18,"column":17},"end":{"line":18,"column":76}},"9":{"start":{"line":19,"column":4},"end":{"line":19,"column":39}},"10":{"start":{"line":21,"column":4},"end":{"line":25,"column":5}},"11":{"start":{"line":22,"column":20},"end":{"line":22,"column":52}},"12":{"start":{"line":23,"column":6},"end":{"line":23,"column":25}},"13":{"start":{"line":24,"column":6},"end":{"line":24,"column":18}},"14":{"start":{"line":27,"column":18},"end":{"line":27,"column":67}},"15":{"start":{"line":28,"column":4},"end":{"line":28,"column":42}},"16":{"start":{"line":30,"column":4},"end":{"line":34,"column":5}},"17":{"start":{"line":31,"column":20},"end":{"line":31,"column":52}},"18":{"start":{"line":32,"column":6},"end":{"line":32,"column":25}},"19":{"start":{"line":33,"column":6},"end":{"line":33,"column":18}},"20":{"start":{"line":36,"column":18},"end":{"line":40,"column":6}},"21":{"start":{"line":42,"column":4},"end":{"line":42,"column":21}},"22":{"start":{"line":46,"column":0},"end":{"line":46,"column":34}}},"fnMap":{"0":{"name":"(anonymous_0)","decl":{"start":{"line":4,"column":2},"end":{"line":4,"column":3}},"loc":{"start":{"line":4,"column":44},"end":{"line":7,"column":3}},"line":4},"1":{"name":"(anonymous_1)","decl":{"start":{"line":9,"column":2},"end":{"line":9,"column":3}},"loc":{"start":{"line":9,"column":42},"end":{"line":43,"column":3}},"line":9}},"branchMap":{"0":{"loc":{"start":{"line":12,"column":4},"end":{"line":16,"column":5}},"type":"if","locations":[{"start":{"line":12,"column":4},"end":{"line":16,"column":5}},{"start":{},"end":{}}],"line":12},"1":{"loc":{"start":{"line":12,"column":8},"end":{"line":12,"column":32}},"type":"binary-expr","locations":[{"start":{"line":12,"column":8},"end":{"line":12,"column":19}},{"start":{"line":12,"column":23},"end":{"line":12,"column":32}}],"line":12},"2":{"loc":{"start":{"line":21,"column":4},"end":{"line":25,"column":5}},"type":"if","locations":[{"start":{"line":21,"column":4},"end":{"line":25,"column":5}},{"start":{},"end":{}}],"line":21},"3":{"loc":{"start":{"line":30,"column":4},"end":{"line":34,"column":5}},"type":"if","locations":[{"start":{"line":30,"column":4},"end":{"line":34,"column":5}},{"start":{},"end":{}}],"line":30}},"s":{"0":1,"1":3,"2":3,"3":3,"4":3,"5":0,"6":0,"7":0,"8":3,"9":3,"10":3,"11":1,"12":1,"13":1,"14":2,"15":2,"16":2,"17":1,"18":1,"19":1,"20":1,"21":1,"22":1},"f":{"0":3,"1":3},"b":{"0":[0,3],"1":[3,3],"2":[1,2],"3":[1,1]},"_coverageSchema":"1a1c01bbd47fc00a2c39e90264f33305004495a9","hash":"dc5a616ffe5c0195fa6df6f5612d0851194af2ec"}
,"C:\\Users\\Karellen Velazquez\\IdeaProjects\\reto4-products-api\\backend\\src\\application\\product\\CreateProductUseCase.js": {"path":"C:\\Users\\Karellen Velazquez\\IdeaProjects\\reto4-products-api\\backend\\src\\application\\product\\CreateProductUseCase.js","statementMap":{"0":{"start":{"line":1,"column":20},"end":{"line":1,"column":51}},"1":{"start":{"line":5,"column":4},"end":{"line":5,"column":47}},"2":{"start":{"line":9,"column":20},"end":{"line":14,"column":6}},"3":{"start":{"line":16,"column":20},"end":{"line":16,"column":64}},"4":{"start":{"line":17,"column":4},"end":{"line":17,"column":19}},"5":{"start":{"line":21,"column":0},"end":{"line":21,"column":42}}},"fnMap":{"0":{"name":"(anonymous_0)","decl":{"start":{"line":4,"column":2},"end":{"line":4,"column":3}},"loc":{"start":{"line":4,"column":33},"end":{"line":6,"column":3}},"line":4},"1":{"name":"(anonymous_1)","decl":{"start":{"line":8,"column":2},"end":{"line":8,"column":3}},"loc":{"start":{"line":8,"column":22},"end":{"line":18,"column":3}},"line":8}},"branchMap":{},"s":{"0":1,"1":2,"2":2,"3":1,"4":1,"5":1},"f":{"0":2,"1":2},"b":{},"_coverageSchema":"1a1c01bbd47fc00a2c39e90264f33305004495a9","hash":"38eacb3090e4776269b9b1ed5d208800f2f27df9"}
,"C:\\Users\\Karellen Velazquez\\IdeaProjects\\reto4-products-api\\backend\\src\\domain\\Product.js": {"path":"C:\\Users\\Karellen Velazquez\\IdeaProjects\\reto4-products-api\\backend\\src\\domain\\Product.js","statementMap":{"0":{"start":{"line":3,"column":4},"end":{"line":3,"column":25}},"1":{"start":{"line":4,"column":4},"end":{"line":4,"column":21}},"2":{"start":{"line":5,"column":4},"end":{"line":5,"column":41}},"3":{"start":{"line":6,"column":4},"end":{"line":6,"column":23}},"4":{"start":{"line":7,"column":4},"end":{"line":7,"column":28}},"5":{"start":{"line":8,"column":4},"end":{"line":8,"column":45}},"6":{"start":{"line":9,"column":4},"end":{"line":9,"column":45}},"7":{"start":{"line":11,"column":4},"end":{"line":11,"column":20}},"8":{"start":{"line":15,"column":4},"end":{"line":17,"column":5}},"9":{"start":{"line":16,"column":6},"end":{"line":16,"column":50}},"10":{"start":{"line":18,"column":4},"end":{"line":20,"column":5}},"11":{"start":{"line":19,"column":6},"end":{"line":19,"column":69}},"12":{"start":{"line":21,"column":4},"end":{"line":23,"column":5}},"13":{"start":{"line":22,"column":6},"end":{"line":22,"column":69}},"14":{"start":{"line":27,"column":4},"end":{"line":27,"column":55}},"15":{"start":{"line":27,"column":33},"end":{"line":27,"column":55}},"16":{"start":{"line":28,"column":4},"end":{"line":28,"column":76}},"17":{"start":{"line":28,"column":40},"end":{"line":28,"column":76}},"18":{"start":{"line":29,"column":4},"end":{"line":29,"column":58}},"19":{"start":{"line":29,"column":34},"end":{"line":29,"column":58}},"20":{"start":{"line":30,"column":4},"end":{"line":30,"column":58}},"21":{"start":{"line":30,"column":34},"end":{"line":30,"column":58}},"22":{"start":{"line":31,"column":4},"end":{"line":31,"column":32}},"23":{"start":{"line":32,"column":4},"end":{"line":32,"column":20}},"24":{"start":{"line":36,"column":0},"end":{"line":36,"column":29}}},"fnMap":{"0":{"name":"(anonymous_0)","decl":{"start":{"line":2,"column":2},"end":{"line":2,"column":3}},"loc":{"start":{"line":2,"column":77},"end":{"line":12,"column":3}},"line":2},"1":{"name":"(anonymous_1)","decl":{"start":{"line":14,"column":2},"end":{"line":14,"column":3}},"loc":{"start":{"line":14,"column":13},"end":{"line":24,"column":3}},"line":14},"2":{"name":"(anonymous_2)","decl":{"start":{"line":26,"column":2},"end":{"line":26,"column":3}},"loc":{"start":{"line":26,"column":15},"end":{"line":33,"column":3}},"line":26}},"branchMap":{"0":{"loc":{"start":{"line":3,"column":14},"end":{"line":3,"column":24}},"type":"binary-expr","locations":[{"start":{"line":3,"column":14},"end":{"line":3,"column":16}},{"start":{"line":3,"column":20},"end":{"line":3,"column":24}}],"line":3},"1":{"loc":{"start":{"line":5,"column":23},"end":{"line":5,"column":40}},"type":"binary-expr","locations":[{"start":{"line":5,"column":23},"end":{"line":5,"column":34}},{"start":{"line":5,"column":38},"end":{"line":5,"column":40}}],"line":5},"2":{"loc":{"start":{"line":7,"column":17},"end":{"line":7,"column":27}},"type":"binary-expr","locations":[{"start":{"line":7,"column":17},"end":{"line":7,"column":22}},{"start":{"line":7,"column":26},"end":{"line":7,"column":27}}],"line":7},"3":{"loc":{"start":{"line":8,"column":21},"end":{"line":8,"column":44}},"type":"binary-expr","locations":[{"start":{"line":8,"column":21},"end":{"line":8,"column":30}},{"start":{"line":8,"column":34},"end":{"line":8,"column":44}}],"line":8},"4":{"loc":{"start":{"line":9,"column":21},"end":{"line":9,"column":44}},"type":"binary-expr","locations":[{"start":{"line":9,"column":21},"end":{"line":9,"column":30}},{"start":{"line":9,"column":34},"end":{"line":9,"column":44}}],"line":9},"5":{"loc":{"start":{"line":15,"column":4},"end":{"line":17,"column":5}},"type":"if","locations":[{"start":{"line":15,"column":4},"end":{"line":17,"column":5}},{"start":{},"end":{}}],"line":15},"6":{"loc":{"start":{"line":15,"column":8},"end":{"line":15,"column":51}},"type":"binary-expr","locations":[{"start":{"line":15,"column":8},"end":{"line":15,"column":18}},{"start":{"line":15,"column":22},"end":{"line":15,"column":51}}],"line":15},"7":{"loc":{"start":{"line":18,"column":4},"end":{"line":20,"column":5}},"type":"if","locations":[{"start":{"line":18,"column":4},"end":{"line":20,"column":5}},{"start":{},"end":{}}],"line":18},"8":{"loc":{"start":{"line":18,"column":8},"end":{"line":18,"column":65}},"type":"binary-expr","locations":[{"start":{"line":18,"column":8},"end":{"line":18,"column":26}},{"start":{"line":18,"column":30},"end":{"line":18,"column":47}},{"start":{"line":18,"column":51},"end":{"line":18,"column":65}}],"line":18},"9":{"loc":{"start":{"line":21,"column":4},"end":{"line":23,"column":5}},"type":"if","locations":[{"start":{"line":21,"column":4},"end":{"line":23,"column":5}},{"start":{},"end":{}}],"line":21},"10":{"loc":{"start":{"line":21,"column":8},"end":{"line":21,"column":65}},"type":"binary-expr","locations":[{"start":{"line":21,"column":8},"end":{"line":21,"column":26}},{"start":{"line":21,"column":30},"end":{"line":21,"column":47}},{"start":{"line":21,"column":51},"end":{"line":21,"column":65}}],"line":21},"11":{"loc":{"start":{"line":27,"column":4},"end":{"line":27,"column":55}},"type":"if","locations":[{"start":{"line":27,"column":4},"end":{"line":27,"column":55}},{"start":{},"end":{}}],"line":27},"12":{"loc":{"start":{"line":28,"column":4},"end":{"line":28,"column":76}},"type":"if","locations":[{"start":{"line":28,"column":4},"end":{"line":28,"column":76}},{"start":{},"end":{}}],"line":28},"13":{"loc":{"start":{"line":29,"column":4},"end":{"line":29,"column":58}},"type":"if","locations":[{"start":{"line":29,"column":4},"end":{"line":29,"column":58}},{"start":{},"end":{}}],"line":29},"14":{"loc":{"start":{"line":30,"column":4},"end":{"line":30,"column":58}},"type":"if","locations":[{"start":{"line":30,"column":4},"end":{"line":30,"column":58}},{"start":{},"end":{}}],"line":30}},"s":{"0":3,"1":3,"2":3,"3":3,"4":3,"5":3,"6":3,"7":3,"8":3,"9":0,"10":3,"11":1,"12":2,"13":0,"14":0,"15":0,"16":0,"17":0,"18":0,"19":0,"20":0,"21":0,"22":0,"23":0,"24":1},"f":{"0":3,"1":3,"2":0},"b":{"0":[3,2],"1":[3,0],"2":[3,0],"3":[3,2],"4":[3,2],"5":[0,3],"6":[3,3],"7":[1,2],"8":[3,3,3],"9":[0,2],"10":[2,2,2],"11":[0,0],"12":[0,0],"13":[0,0],"14":[0,0]},"_coverageSchema":"1a1c01bbd47fc00a2c39e90264f33305004495a9","hash":"33817c0752de46a5fe2717921d8aeb82d95831e7"}
}
