TN:
SF:src\application\auth\LoginUseCase.js
FN:4,(anonymous_0)
FN:9,(anonymous_1)
FNF:2
FNH:2
FNDA:3,(anonymous_0)
FNDA:3,(anonymous_1)
DA:1,1
DA:5,3
DA:6,3
DA:10,3
DA:12,3
DA:13,0
DA:14,0
DA:15,0
DA:18,3
DA:19,3
DA:21,3
DA:22,1
DA:23,1
DA:24,1
DA:27,2
DA:28,2
DA:30,2
DA:31,1
DA:32,1
DA:33,1
DA:36,1
DA:42,1
DA:46,1
LF:23
LH:20
BRDA:12,0,0,0
BRDA:12,0,1,3
BRDA:12,1,0,3
BRDA:12,1,1,3
BRDA:21,2,0,1
BRDA:21,2,1,2
BRDA:30,3,0,1
BRDA:30,3,1,1
BRF:8
BRH:7
end_of_record
TN:
SF:src\application\product\CreateProductUseCase.js
FN:4,(anonymous_0)
FN:8,(anonymous_1)
FNF:2
FNH:2
FNDA:2,(anonymous_0)
FNDA:2,(anonymous_1)
DA:1,1
DA:5,2
DA:9,2
DA:16,1
DA:17,1
DA:21,1
LF:6
LH:6
BRF:0
BRH:0
end_of_record
TN:
SF:src\domain\Product.js
FN:2,(anonymous_0)
FN:14,(anonymous_1)
FN:26,(anonymous_2)
FNF:3
FNH:2
FNDA:3,(anonymous_0)
FNDA:3,(anonymous_1)
FNDA:0,(anonymous_2)
DA:3,3
DA:4,3
DA:5,3
DA:6,3
DA:7,3
DA:8,3
DA:9,3
DA:11,3
DA:15,3
DA:16,0
DA:18,3
DA:19,1
DA:21,2
DA:22,0
DA:27,0
DA:28,0
DA:29,0
DA:30,0
DA:31,0
DA:32,0
DA:36,1
LF:21
LH:13
BRDA:3,0,0,3
BRDA:3,0,1,2
BRDA:5,1,0,3
BRDA:5,1,1,0
BRDA:7,2,0,3
BRDA:7,2,1,0
BRDA:8,3,0,3
BRDA:8,3,1,2
BRDA:9,4,0,3
BRDA:9,4,1,2
BRDA:15,5,0,0
BRDA:15,5,1,3
BRDA:15,6,0,3
BRDA:15,6,1,3
BRDA:18,7,0,1
BRDA:18,7,1,2
BRDA:18,8,0,3
BRDA:18,8,1,3
BRDA:18,8,2,3
BRDA:21,9,0,0
BRDA:21,9,1,2
BRDA:21,10,0,2
BRDA:21,10,1,2
BRDA:21,10,2,2
BRDA:27,11,0,0
BRDA:27,11,1,0
BRDA:28,12,0,0
BRDA:28,12,1,0
BRDA:29,13,0,0
BRDA:29,13,1,0
BRDA:30,14,0,0
BRDA:30,14,1,0
BRF:32
BRH:20
end_of_record
